<?xml version="1.0" encoding="UTF-8"?>
<testsuite name="testSuite.VulnerabilityTest" tests="1" skipped="0" failures="0" errors="0" timestamp="2024-01-25T22:14:11" hostname="DESKTOP-1188MBL" time="202.825">
  <properties/>
  <testcase name="Test vulnerabilidad" classname="testSuite.VulnerabilityTest" time="202.825"/>
  <system-out><![CDATA[Request method:	GET
Request URI:	http://localhost:9292/JSON/ascan/action/scan/?url=http%3A%2F%2Ftpi.lat%3A2095%2Fsubreseller%2F
Proxy:			<none>
Request params:	<none>
Query params:	url=http://tpi.lat:2095/subreseller/
Form params:	<none>
Path params:	<none>
Headers:		Accept=*/*
Cookies:		<none>
Multiparts:		<none>
Body:			<none>
HTTP/1.1 200 OK
Pragma: no-cache
Cache-Control: no-cache, no-store, must-revalidate
Content-Security-Policy: default-src 'none'; script-src 'self'; connect-src 'self'; child-src 'self'; img-src 'self' data:; font-src 'self' data:; style-src 'self'
Referrer-Policy: no-referrer
Access-Control-Allow-Methods: GET,POST,OPTIONS
Access-Control-Allow-Headers: ZAP-Header
X-Frame-Options: DENY
X-XSS-Protection: 1; mode=block
X-Content-Type-Options: nosniff
X-Clacks-Overhead: GNU Terry Pratchett
content-length: 12
Content-Type: application/json; charset=UTF-8

{
    "scan": "1"
}
id >>>> 1
Request method:	GET
Request URI:	http://localhost:9292/JSON/ascan/view/status/?scanId=1
Proxy:			<none>
Request params:	<none>
Query params:	scanId=1
Form params:	<none>
Path params:	<none>
Headers:		Accept=*/*
Cookies:		<none>
Multiparts:		<none>
Body:			<none>
HTTP/1.1 200 OK
Pragma: no-cache
Cache-Control: no-cache, no-store, must-revalidate
Content-Security-Policy: default-src 'none'; script-src 'self'; connect-src 'self'; child-src 'self'; img-src 'self' data:; font-src 'self' data:; style-src 'self'
Referrer-Policy: no-referrer
Access-Control-Allow-Methods: GET,POST,OPTIONS
Access-Control-Allow-Headers: ZAP-Header
X-Frame-Options: DENY
X-XSS-Protection: 1; mode=block
X-Content-Type-Options: nosniff
X-Clacks-Overhead: GNU Terry Pratchett
content-length: 14
Content-Type: application/json; charset=UTF-8

{
    "status": "0"
}
progresso : [0%] 
Request method:	GET
Request URI:	http://localhost:9292/JSON/ascan/view/status/?scanId=1
Proxy:			<none>
Request params:	<none>
Query params:	scanId=1
Form params:	<none>
Path params:	<none>
Headers:		Accept=*/*
Cookies:		<none>
Multiparts:		<none>
Body:			<none>
HTTP/1.1 200 OK
Pragma: no-cache
Cache-Control: no-cache, no-store, must-revalidate
Content-Security-Policy: default-src 'none'; script-src 'self'; connect-src 'self'; child-src 'self'; img-src 'self' data:; font-src 'self' data:; style-src 'self'
Referrer-Policy: no-referrer
Access-Control-Allow-Methods: GET,POST,OPTIONS
Access-Control-Allow-Headers: ZAP-Header
X-Frame-Options: DENY
X-XSS-Protection: 1; mode=block
X-Content-Type-Options: nosniff
X-Clacks-Overhead: GNU Terry Pratchett
content-length: 14
Content-Type: application/json; charset=UTF-8

{
    "status": "0"
}
progresso : [0%] 
Request method:	GET
Request URI:	http://localhost:9292/JSON/ascan/view/status/?scanId=1
Proxy:			<none>
Request params:	<none>
Query params:	scanId=1
Form params:	<none>
Path params:	<none>
Headers:		Accept=*/*
Cookies:		<none>
Multiparts:		<none>
Body:			<none>
HTTP/1.1 200 OK
Pragma: no-cache
Cache-Control: no-cache, no-store, must-revalidate
Content-Security-Policy: default-src 'none'; script-src 'self'; connect-src 'self'; child-src 'self'; img-src 'self' data:; font-src 'self' data:; style-src 'self'
Referrer-Policy: no-referrer
Access-Control-Allow-Methods: GET,POST,OPTIONS
Access-Control-Allow-Headers: ZAP-Header
X-Frame-Options: DENY
X-XSS-Protection: 1; mode=block
X-Content-Type-Options: nosniff
X-Clacks-Overhead: GNU Terry Pratchett
content-length: 14
Content-Type: application/json; charset=UTF-8

{
    "status": "1"
}
progresso : [1%] 
Request method:	GET
Request URI:	http://localhost:9292/JSON/ascan/view/status/?scanId=1
Proxy:			<none>
Request params:	<none>
Query params:	scanId=1
Form params:	<none>
Path params:	<none>
Headers:		Accept=*/*
Cookies:		<none>
Multiparts:		<none>
Body:			<none>
HTTP/1.1 200 OK
Pragma: no-cache
Cache-Control: no-cache, no-store, must-revalidate
Content-Security-Policy: default-src 'none'; script-src 'self'; connect-src 'self'; child-src 'self'; img-src 'self' data:; font-src 'self' data:; style-src 'self'
Referrer-Policy: no-referrer
Access-Control-Allow-Methods: GET,POST,OPTIONS
Access-Control-Allow-Headers: ZAP-Header
X-Frame-Options: DENY
X-XSS-Protection: 1; mode=block
X-Content-Type-Options: nosniff
X-Clacks-Overhead: GNU Terry Pratchett
content-length: 14
Content-Type: application/json; charset=UTF-8

{
    "status": "2"
}
progresso : [2%] 
Request method:	GET
Request URI:	http://localhost:9292/JSON/ascan/view/status/?scanId=1
Proxy:			<none>
Request params:	<none>
Query params:	scanId=1
Form params:	<none>
Path params:	<none>
Headers:		Accept=*/*
Cookies:		<none>
Multiparts:		<none>
Body:			<none>
HTTP/1.1 200 OK
Pragma: no-cache
Cache-Control: no-cache, no-store, must-revalidate
Content-Security-Policy: default-src 'none'; script-src 'self'; connect-src 'self'; child-src 'self'; img-src 'self' data:; font-src 'self' data:; style-src 'self'
Referrer-Policy: no-referrer
Access-Control-Allow-Methods: GET,POST,OPTIONS
Access-Control-Allow-Headers: ZAP-Header
X-Frame-Options: DENY
X-XSS-Protection: 1; mode=block
X-Content-Type-Options: nosniff
X-Clacks-Overhead: GNU Terry Pratchett
content-length: 14
Content-Type: application/json; charset=UTF-8

{
    "status": "2"
}
progresso : [2%] 
Request method:	GET
Request URI:	http://localhost:9292/JSON/ascan/view/status/?scanId=1
Proxy:			<none>
Request params:	<none>
Query params:	scanId=1
Form params:	<none>
Path params:	<none>
Headers:		Accept=*/*
Cookies:		<none>
Multiparts:		<none>
Body:			<none>
HTTP/1.1 200 OK
Pragma: no-cache
Cache-Control: no-cache, no-store, must-revalidate
Content-Security-Policy: default-src 'none'; script-src 'self'; connect-src 'self'; child-src 'self'; img-src 'self' data:; font-src 'self' data:; style-src 'self'
Referrer-Policy: no-referrer
Access-Control-Allow-Methods: GET,POST,OPTIONS
Access-Control-Allow-Headers: ZAP-Header
X-Frame-Options: DENY
X-XSS-Protection: 1; mode=block
X-Content-Type-Options: nosniff
X-Clacks-Overhead: GNU Terry Pratchett
content-length: 14
Content-Type: application/json; charset=UTF-8

{
    "status": "2"
}
progresso : [2%] 
Request method:	GET
Request URI:	http://localhost:9292/JSON/ascan/view/status/?scanId=1
Proxy:			<none>
Request params:	<none>
Query params:	scanId=1
Form params:	<none>
Path params:	<none>
Headers:		Accept=*/*
Cookies:		<none>
Multiparts:		<none>
Body:			<none>
HTTP/1.1 200 OK
Pragma: no-cache
Cache-Control: no-cache, no-store, must-revalidate
Content-Security-Policy: default-src 'none'; script-src 'self'; connect-src 'self'; child-src 'self'; img-src 'self' data:; font-src 'self' data:; style-src 'self'
Referrer-Policy: no-referrer
Access-Control-Allow-Methods: GET,POST,OPTIONS
Access-Control-Allow-Headers: ZAP-Header
X-Frame-Options: DENY
X-XSS-Protection: 1; mode=block
X-Content-Type-Options: nosniff
X-Clacks-Overhead: GNU Terry Pratchett
content-length: 14
Content-Type: application/json; charset=UTF-8

{
    "status": "2"
}
progresso : [2%] 
Request method:	GET
Request URI:	http://localhost:9292/JSON/ascan/view/status/?scanId=1
Proxy:			<none>
Request params:	<none>
Query params:	scanId=1
Form params:	<none>
Path params:	<none>
Headers:		Accept=*/*
Cookies:		<none>
Multiparts:		<none>
Body:			<none>
HTTP/1.1 200 OK
Pragma: no-cache
Cache-Control: no-cache, no-store, must-revalidate
Content-Security-Policy: default-src 'none'; script-src 'self'; connect-src 'self'; child-src 'self'; img-src 'self' data:; font-src 'self' data:; style-src 'self'
Referrer-Policy: no-referrer
Access-Control-Allow-Methods: GET,POST,OPTIONS
Access-Control-Allow-Headers: ZAP-Header
X-Frame-Options: DENY
X-XSS-Protection: 1; mode=block
X-Content-Type-Options: nosniff
X-Clacks-Overhead: GNU Terry Pratchett
content-length: 14
Content-Type: application/json; charset=UTF-8

{
    "status": "2"
}
progresso : [2%] 
Request method:	GET
Request URI:	http://localhost:9292/JSON/ascan/view/status/?scanId=1
Proxy:			<none>
Request params:	<none>
Query params:	scanId=1
Form params:	<none>
Path params:	<none>
Headers:		Accept=*/*
Cookies:		<none>
Multiparts:		<none>
Body:			<none>
HTTP/1.1 200 OK
Pragma: no-cache
Cache-Control: no-cache, no-store, must-revalidate
Content-Security-Policy: default-src 'none'; script-src 'self'; connect-src 'self'; child-src 'self'; img-src 'self' data:; font-src 'self' data:; style-src 'self'
Referrer-Policy: no-referrer
Access-Control-Allow-Methods: GET,POST,OPTIONS
Access-Control-Allow-Headers: ZAP-Header
X-Frame-Options: DENY
X-XSS-Protection: 1; mode=block
X-Content-Type-Options: nosniff
X-Clacks-Overhead: GNU Terry Pratchett
content-length: 14
Content-Type: application/json; charset=UTF-8

{
    "status": "2"
}
progresso : [2%] 
Request method:	GET
Request URI:	http://localhost:9292/JSON/ascan/view/status/?scanId=1
Proxy:			<none>
Request params:	<none>
Query params:	scanId=1
Form params:	<none>
Path params:	<none>
Headers:		Accept=*/*
Cookies:		<none>
Multiparts:		<none>
Body:			<none>
HTTP/1.1 200 OK
Pragma: no-cache
Cache-Control: no-cache, no-store, must-revalidate
Content-Security-Policy: default-src 'none'; script-src 'self'; connect-src 'self'; child-src 'self'; img-src 'self' data:; font-src 'self' data:; style-src 'self'
Referrer-Policy: no-referrer
Access-Control-Allow-Methods: GET,POST,OPTIONS
Access-Control-Allow-Headers: ZAP-Header
X-Frame-Options: DENY
X-XSS-Protection: 1; mode=block
X-Content-Type-Options: nosniff
X-Clacks-Overhead: GNU Terry Pratchett
content-length: 14
Content-Type: application/json; charset=UTF-8

{
    "status": "2"
}
progresso : [2%] 
Request method:	GET
Request URI:	http://localhost:9292/JSON/ascan/view/status/?scanId=1
Proxy:			<none>
Request params:	<none>
Query params:	scanId=1
Form params:	<none>
Path params:	<none>
Headers:		Accept=*/*
Cookies:		<none>
Multiparts:		<none>
Body:			<none>
HTTP/1.1 200 OK
Pragma: no-cache
Cache-Control: no-cache, no-store, must-revalidate
Content-Security-Policy: default-src 'none'; script-src 'self'; connect-src 'self'; child-src 'self'; img-src 'self' data:; font-src 'self' data:; style-src 'self'
Referrer-Policy: no-referrer
Access-Control-Allow-Methods: GET,POST,OPTIONS
Access-Control-Allow-Headers: ZAP-Header
X-Frame-Options: DENY
X-XSS-Protection: 1; mode=block
X-Content-Type-Options: nosniff
X-Clacks-Overhead: GNU Terry Pratchett
content-length: 14
Content-Type: application/json; charset=UTF-8

{
    "status": "2"
}
progresso : [2%] 
Request method:	GET
Request URI:	http://localhost:9292/JSON/ascan/view/status/?scanId=1
Proxy:			<none>
Request params:	<none>
Query params:	scanId=1
Form params:	<none>
Path params:	<none>
Headers:		Accept=*/*
Cookies:		<none>
Multiparts:		<none>
Body:			<none>
HTTP/1.1 200 OK
Pragma: no-cache
Cache-Control: no-cache, no-store, must-revalidate
Content-Security-Policy: default-src 'none'; script-src 'self'; connect-src 'self'; child-src 'self'; img-src 'self' data:; font-src 'self' data:; style-src 'self'
Referrer-Policy: no-referrer
Access-Control-Allow-Methods: GET,POST,OPTIONS
Access-Control-Allow-Headers: ZAP-Header
X-Frame-Options: DENY
X-XSS-Protection: 1; mode=block
X-Content-Type-Options: nosniff
X-Clacks-Overhead: GNU Terry Pratchett
content-length: 14
Content-Type: application/json; charset=UTF-8

{
    "status": "2"
}
progresso : [2%] 
Request method:	GET
Request URI:	http://localhost:9292/JSON/ascan/view/status/?scanId=1
Proxy:			<none>
Request params:	<none>
Query params:	scanId=1
Form params:	<none>
Path params:	<none>
Headers:		Accept=*/*
Cookies:		<none>
Multiparts:		<none>
Body:			<none>
HTTP/1.1 200 OK
Pragma: no-cache
Cache-Control: no-cache, no-store, must-revalidate
Content-Security-Policy: default-src 'none'; script-src 'self'; connect-src 'self'; child-src 'self'; img-src 'self' data:; font-src 'self' data:; style-src 'self'
Referrer-Policy: no-referrer
Access-Control-Allow-Methods: GET,POST,OPTIONS
Access-Control-Allow-Headers: ZAP-Header
X-Frame-Options: DENY
X-XSS-Protection: 1; mode=block
X-Content-Type-Options: nosniff
X-Clacks-Overhead: GNU Terry Pratchett
content-length: 14
Content-Type: application/json; charset=UTF-8

{
    "status": "2"
}
progresso : [2%] 
Request method:	GET
Request URI:	http://localhost:9292/JSON/ascan/view/status/?scanId=1
Proxy:			<none>
Request params:	<none>
Query params:	scanId=1
Form params:	<none>
Path params:	<none>
Headers:		Accept=*/*
Cookies:		<none>
Multiparts:		<none>
Body:			<none>
HTTP/1.1 200 OK
Pragma: no-cache
Cache-Control: no-cache, no-store, must-revalidate
Content-Security-Policy: default-src 'none'; script-src 'self'; connect-src 'self'; child-src 'self'; img-src 'self' data:; font-src 'self' data:; style-src 'self'
Referrer-Policy: no-referrer
Access-Control-Allow-Methods: GET,POST,OPTIONS
Access-Control-Allow-Headers: ZAP-Header
X-Frame-Options: DENY
X-XSS-Protection: 1; mode=block
X-Content-Type-Options: nosniff
X-Clacks-Overhead: GNU Terry Pratchett
content-length: 14
Content-Type: application/json; charset=UTF-8

{
    "status": "2"
}
progresso : [2%] 
Request method:	GET
Request URI:	http://localhost:9292/JSON/ascan/view/status/?scanId=1
Proxy:			<none>
Request params:	<none>
Query params:	scanId=1
Form params:	<none>
Path params:	<none>
Headers:		Accept=*/*
Cookies:		<none>
Multiparts:		<none>
Body:			<none>
HTTP/1.1 200 OK
Pragma: no-cache
Cache-Control: no-cache, no-store, must-revalidate
Content-Security-Policy: default-src 'none'; script-src 'self'; connect-src 'self'; child-src 'self'; img-src 'self' data:; font-src 'self' data:; style-src 'self'
Referrer-Policy: no-referrer
Access-Control-Allow-Methods: GET,POST,OPTIONS
Access-Control-Allow-Headers: ZAP-Header
X-Frame-Options: DENY
X-XSS-Protection: 1; mode=block
X-Content-Type-Options: nosniff
X-Clacks-Overhead: GNU Terry Pratchett
content-length: 14
Content-Type: application/json; charset=UTF-8

{
    "status": "2"
}
progresso : [2%] 
Request method:	GET
Request URI:	http://localhost:9292/JSON/ascan/view/status/?scanId=1
Proxy:			<none>
Request params:	<none>
Query params:	scanId=1
Form params:	<none>
Path params:	<none>
Headers:		Accept=*/*
Cookies:		<none>
Multiparts:		<none>
Body:			<none>
HTTP/1.1 200 OK
Pragma: no-cache
Cache-Control: no-cache, no-store, must-revalidate
Content-Security-Policy: default-src 'none'; script-src 'self'; connect-src 'self'; child-src 'self'; img-src 'self' data:; font-src 'self' data:; style-src 'self'
Referrer-Policy: no-referrer
Access-Control-Allow-Methods: GET,POST,OPTIONS
Access-Control-Allow-Headers: ZAP-Header
X-Frame-Options: DENY
X-XSS-Protection: 1; mode=block
X-Content-Type-Options: nosniff
X-Clacks-Overhead: GNU Terry Pratchett
content-length: 14
Content-Type: application/json; charset=UTF-8

{
    "status": "2"
}
progresso : [2%] 
Request method:	GET
Request URI:	http://localhost:9292/JSON/ascan/view/status/?scanId=1
Proxy:			<none>
Request params:	<none>
Query params:	scanId=1
Form params:	<none>
Path params:	<none>
Headers:		Accept=*/*
Cookies:		<none>
Multiparts:		<none>
Body:			<none>
HTTP/1.1 200 OK
Pragma: no-cache
Cache-Control: no-cache, no-store, must-revalidate
Content-Security-Policy: default-src 'none'; script-src 'self'; connect-src 'self'; child-src 'self'; img-src 'self' data:; font-src 'self' data:; style-src 'self'
Referrer-Policy: no-referrer
Access-Control-Allow-Methods: GET,POST,OPTIONS
Access-Control-Allow-Headers: ZAP-Header
X-Frame-Options: DENY
X-XSS-Protection: 1; mode=block
X-Content-Type-Options: nosniff
X-Clacks-Overhead: GNU Terry Pratchett
content-length: 14
Content-Type: application/json; charset=UTF-8

{
    "status": "2"
}
progresso : [2%] 
Request method:	GET
Request URI:	http://localhost:9292/JSON/ascan/view/status/?scanId=1
Proxy:			<none>
Request params:	<none>
Query params:	scanId=1
Form params:	<none>
Path params:	<none>
Headers:		Accept=*/*
Cookies:		<none>
Multiparts:		<none>
Body:			<none>
HTTP/1.1 200 OK
Pragma: no-cache
Cache-Control: no-cache, no-store, must-revalidate
Content-Security-Policy: default-src 'none'; script-src 'self'; connect-src 'self'; child-src 'self'; img-src 'self' data:; font-src 'self' data:; style-src 'self'
Referrer-Policy: no-referrer
Access-Control-Allow-Methods: GET,POST,OPTIONS
Access-Control-Allow-Headers: ZAP-Header
X-Frame-Options: DENY
X-XSS-Protection: 1; mode=block
X-Content-Type-Options: nosniff
X-Clacks-Overhead: GNU Terry Pratchett
content-length: 14
Content-Type: application/json; charset=UTF-8

{
    "status": "2"
}
progresso : [2%] 
Request method:	GET
Request URI:	http://localhost:9292/JSON/ascan/view/status/?scanId=1
Proxy:			<none>
Request params:	<none>
Query params:	scanId=1
Form params:	<none>
Path params:	<none>
Headers:		Accept=*/*
Cookies:		<none>
Multiparts:		<none>
Body:			<none>
HTTP/1.1 200 OK
Pragma: no-cache
Cache-Control: no-cache, no-store, must-revalidate
Content-Security-Policy: default-src 'none'; script-src 'self'; connect-src 'self'; child-src 'self'; img-src 'self' data:; font-src 'self' data:; style-src 'self'
Referrer-Policy: no-referrer
Access-Control-Allow-Methods: GET,POST,OPTIONS
Access-Control-Allow-Headers: ZAP-Header
X-Frame-Options: DENY
X-XSS-Protection: 1; mode=block
X-Content-Type-Options: nosniff
X-Clacks-Overhead: GNU Terry Pratchett
content-length: 14
Content-Type: application/json; charset=UTF-8

{
    "status": "2"
}
progresso : [2%] 
Request method:	GET
Request URI:	http://localhost:9292/JSON/ascan/view/status/?scanId=1
Proxy:			<none>
Request params:	<none>
Query params:	scanId=1
Form params:	<none>
Path params:	<none>
Headers:		Accept=*/*
Cookies:		<none>
Multiparts:		<none>
Body:			<none>
HTTP/1.1 200 OK
Pragma: no-cache
Cache-Control: no-cache, no-store, must-revalidate
Content-Security-Policy: default-src 'none'; script-src 'self'; connect-src 'self'; child-src 'self'; img-src 'self' data:; font-src 'self' data:; style-src 'self'
Referrer-Policy: no-referrer
Access-Control-Allow-Methods: GET,POST,OPTIONS
Access-Control-Allow-Headers: ZAP-Header
X-Frame-Options: DENY
X-XSS-Protection: 1; mode=block
X-Content-Type-Options: nosniff
X-Clacks-Overhead: GNU Terry Pratchett
content-length: 14
Content-Type: application/json; charset=UTF-8

{
    "status": "2"
}
progresso : [2%] 
Request method:	GET
Request URI:	http://localhost:9292/JSON/ascan/view/status/?scanId=1
Proxy:			<none>
Request params:	<none>
Query params:	scanId=1
Form params:	<none>
Path params:	<none>
Headers:		Accept=*/*
Cookies:		<none>
Multiparts:		<none>
Body:			<none>
HTTP/1.1 200 OK
Pragma: no-cache
Cache-Control: no-cache, no-store, must-revalidate
Content-Security-Policy: default-src 'none'; script-src 'self'; connect-src 'self'; child-src 'self'; img-src 'self' data:; font-src 'self' data:; style-src 'self'
Referrer-Policy: no-referrer
Access-Control-Allow-Methods: GET,POST,OPTIONS
Access-Control-Allow-Headers: ZAP-Header
X-Frame-Options: DENY
X-XSS-Protection: 1; mode=block
X-Content-Type-Options: nosniff
X-Clacks-Overhead: GNU Terry Pratchett
content-length: 14
Content-Type: application/json; charset=UTF-8

{
    "status": "2"
}
progresso : [2%] 
Request method:	GET
Request URI:	http://localhost:9292/JSON/ascan/view/status/?scanId=1
Proxy:			<none>
Request params:	<none>
Query params:	scanId=1
Form params:	<none>
Path params:	<none>
Headers:		Accept=*/*
Cookies:		<none>
Multiparts:		<none>
Body:			<none>
HTTP/1.1 200 OK
Pragma: no-cache
Cache-Control: no-cache, no-store, must-revalidate
Content-Security-Policy: default-src 'none'; script-src 'self'; connect-src 'self'; child-src 'self'; img-src 'self' data:; font-src 'self' data:; style-src 'self'
Referrer-Policy: no-referrer
Access-Control-Allow-Methods: GET,POST,OPTIONS
Access-Control-Allow-Headers: ZAP-Header
X-Frame-Options: DENY
X-XSS-Protection: 1; mode=block
X-Content-Type-Options: nosniff
X-Clacks-Overhead: GNU Terry Pratchett
content-length: 14
Content-Type: application/json; charset=UTF-8

{
    "status": "2"
}
progresso : [2%] 
Request method:	GET
Request URI:	http://localhost:9292/JSON/ascan/view/status/?scanId=1
Proxy:			<none>
Request params:	<none>
Query params:	scanId=1
Form params:	<none>
Path params:	<none>
Headers:		Accept=*/*
Cookies:		<none>
Multiparts:		<none>
Body:			<none>
HTTP/1.1 200 OK
Pragma: no-cache
Cache-Control: no-cache, no-store, must-revalidate
Content-Security-Policy: default-src 'none'; script-src 'self'; connect-src 'self'; child-src 'self'; img-src 'self' data:; font-src 'self' data:; style-src 'self'
Referrer-Policy: no-referrer
Access-Control-Allow-Methods: GET,POST,OPTIONS
Access-Control-Allow-Headers: ZAP-Header
X-Frame-Options: DENY
X-XSS-Protection: 1; mode=block
X-Content-Type-Options: nosniff
X-Clacks-Overhead: GNU Terry Pratchett
content-length: 14
Content-Type: application/json; charset=UTF-8

{
    "status": "2"
}
progresso : [2%] 
Request method:	GET
Request URI:	http://localhost:9292/JSON/ascan/view/status/?scanId=1
Proxy:			<none>
Request params:	<none>
Query params:	scanId=1
Form params:	<none>
Path params:	<none>
Headers:		Accept=*/*
Cookies:		<none>
Multiparts:		<none>
Body:			<none>
HTTP/1.1 200 OK
Pragma: no-cache
Cache-Control: no-cache, no-store, must-revalidate
Content-Security-Policy: default-src 'none'; script-src 'self'; connect-src 'self'; child-src 'self'; img-src 'self' data:; font-src 'self' data:; style-src 'self'
Referrer-Policy: no-referrer
Access-Control-Allow-Methods: GET,POST,OPTIONS
Access-Control-Allow-Headers: ZAP-Header
X-Frame-Options: DENY
X-XSS-Protection: 1; mode=block
X-Content-Type-Options: nosniff
X-Clacks-Overhead: GNU Terry Pratchett
content-length: 14
Content-Type: application/json; charset=UTF-8

{
    "status": "2"
}
progresso : [2%] 
Request method:	GET
Request URI:	http://localhost:9292/JSON/ascan/view/status/?scanId=1
Proxy:			<none>
Request params:	<none>
Query params:	scanId=1
Form params:	<none>
Path params:	<none>
Headers:		Accept=*/*
Cookies:		<none>
Multiparts:		<none>
Body:			<none>
HTTP/1.1 200 OK
Pragma: no-cache
Cache-Control: no-cache, no-store, must-revalidate
Content-Security-Policy: default-src 'none'; script-src 'self'; connect-src 'self'; child-src 'self'; img-src 'self' data:; font-src 'self' data:; style-src 'self'
Referrer-Policy: no-referrer
Access-Control-Allow-Methods: GET,POST,OPTIONS
Access-Control-Allow-Headers: ZAP-Header
X-Frame-Options: DENY
X-XSS-Protection: 1; mode=block
X-Content-Type-Options: nosniff
X-Clacks-Overhead: GNU Terry Pratchett
content-length: 14
Content-Type: application/json; charset=UTF-8

{
    "status": "2"
}
progresso : [2%] 
Request method:	GET
Request URI:	http://localhost:9292/JSON/ascan/view/status/?scanId=1
Proxy:			<none>
Request params:	<none>
Query params:	scanId=1
Form params:	<none>
Path params:	<none>
Headers:		Accept=*/*
Cookies:		<none>
Multiparts:		<none>
Body:			<none>
HTTP/1.1 200 OK
Pragma: no-cache
Cache-Control: no-cache, no-store, must-revalidate
Content-Security-Policy: default-src 'none'; script-src 'self'; connect-src 'self'; child-src 'self'; img-src 'self' data:; font-src 'self' data:; style-src 'self'
Referrer-Policy: no-referrer
Access-Control-Allow-Methods: GET,POST,OPTIONS
Access-Control-Allow-Headers: ZAP-Header
X-Frame-Options: DENY
X-XSS-Protection: 1; mode=block
X-Content-Type-Options: nosniff
X-Clacks-Overhead: GNU Terry Pratchett
content-length: 14
Content-Type: application/json; charset=UTF-8

{
    "status": "4"
}
progresso : [4%] 
Request method:	GET
Request URI:	http://localhost:9292/JSON/ascan/view/status/?scanId=1
Proxy:			<none>
Request params:	<none>
Query params:	scanId=1
Form params:	<none>
Path params:	<none>
Headers:		Accept=*/*
Cookies:		<none>
Multiparts:		<none>
Body:			<none>
HTTP/1.1 200 OK
Pragma: no-cache
Cache-Control: no-cache, no-store, must-revalidate
Content-Security-Policy: default-src 'none'; script-src 'self'; connect-src 'self'; child-src 'self'; img-src 'self' data:; font-src 'self' data:; style-src 'self'
Referrer-Policy: no-referrer
Access-Control-Allow-Methods: GET,POST,OPTIONS
Access-Control-Allow-Headers: ZAP-Header
X-Frame-Options: DENY
X-XSS-Protection: 1; mode=block
X-Content-Type-Options: nosniff
X-Clacks-Overhead: GNU Terry Pratchett
content-length: 14
Content-Type: application/json; charset=UTF-8

{
    "status": "4"
}
progresso : [4%] 
Request method:	GET
Request URI:	http://localhost:9292/JSON/ascan/view/status/?scanId=1
Proxy:			<none>
Request params:	<none>
Query params:	scanId=1
Form params:	<none>
Path params:	<none>
Headers:		Accept=*/*
Cookies:		<none>
Multiparts:		<none>
Body:			<none>
HTTP/1.1 200 OK
Pragma: no-cache
Cache-Control: no-cache, no-store, must-revalidate
Content-Security-Policy: default-src 'none'; script-src 'self'; connect-src 'self'; child-src 'self'; img-src 'self' data:; font-src 'self' data:; style-src 'self'
Referrer-Policy: no-referrer
Access-Control-Allow-Methods: GET,POST,OPTIONS
Access-Control-Allow-Headers: ZAP-Header
X-Frame-Options: DENY
X-XSS-Protection: 1; mode=block
X-Content-Type-Options: nosniff
X-Clacks-Overhead: GNU Terry Pratchett
content-length: 14
Content-Type: application/json; charset=UTF-8

{
    "status": "4"
}
progresso : [4%] 
Request method:	GET
Request URI:	http://localhost:9292/JSON/ascan/view/status/?scanId=1
Proxy:			<none>
Request params:	<none>
Query params:	scanId=1
Form params:	<none>
Path params:	<none>
Headers:		Accept=*/*
Cookies:		<none>
Multiparts:		<none>
Body:			<none>
HTTP/1.1 200 OK
Pragma: no-cache
Cache-Control: no-cache, no-store, must-revalidate
Content-Security-Policy: default-src 'none'; script-src 'self'; connect-src 'self'; child-src 'self'; img-src 'self' data:; font-src 'self' data:; style-src 'self'
Referrer-Policy: no-referrer
Access-Control-Allow-Methods: GET,POST,OPTIONS
Access-Control-Allow-Headers: ZAP-Header
X-Frame-Options: DENY
X-XSS-Protection: 1; mode=block
X-Content-Type-Options: nosniff
X-Clacks-Overhead: GNU Terry Pratchett
content-length: 14
Content-Type: application/json; charset=UTF-8

{
    "status": "4"
}
progresso : [4%] 
Request method:	GET
Request URI:	http://localhost:9292/JSON/ascan/view/status/?scanId=1
Proxy:			<none>
Request params:	<none>
Query params:	scanId=1
Form params:	<none>
Path params:	<none>
Headers:		Accept=*/*
Cookies:		<none>
Multiparts:		<none>
Body:			<none>
HTTP/1.1 200 OK
Pragma: no-cache
Cache-Control: no-cache, no-store, must-revalidate
Content-Security-Policy: default-src 'none'; script-src 'self'; connect-src 'self'; child-src 'self'; img-src 'self' data:; font-src 'self' data:; style-src 'self'
Referrer-Policy: no-referrer
Access-Control-Allow-Methods: GET,POST,OPTIONS
Access-Control-Allow-Headers: ZAP-Header
X-Frame-Options: DENY
X-XSS-Protection: 1; mode=block
X-Content-Type-Options: nosniff
X-Clacks-Overhead: GNU Terry Pratchett
content-length: 14
Content-Type: application/json; charset=UTF-8

{
    "status": "4"
}
progresso : [4%] 
Request method:	GET
Request URI:	http://localhost:9292/JSON/ascan/view/status/?scanId=1
Proxy:			<none>
Request params:	<none>
Query params:	scanId=1
Form params:	<none>
Path params:	<none>
Headers:		Accept=*/*
Cookies:		<none>
Multiparts:		<none>
Body:			<none>
HTTP/1.1 200 OK
Pragma: no-cache
Cache-Control: no-cache, no-store, must-revalidate
Content-Security-Policy: default-src 'none'; script-src 'self'; connect-src 'self'; child-src 'self'; img-src 'self' data:; font-src 'self' data:; style-src 'self'
Referrer-Policy: no-referrer
Access-Control-Allow-Methods: GET,POST,OPTIONS
Access-Control-Allow-Headers: ZAP-Header
X-Frame-Options: DENY
X-XSS-Protection: 1; mode=block
X-Content-Type-Options: nosniff
X-Clacks-Overhead: GNU Terry Pratchett
content-length: 14
Content-Type: application/json; charset=UTF-8

{
    "status": "4"
}
progresso : [4%] 
Request method:	GET
Request URI:	http://localhost:9292/JSON/ascan/view/status/?scanId=1
Proxy:			<none>
Request params:	<none>
Query params:	scanId=1
Form params:	<none>
Path params:	<none>
Headers:		Accept=*/*
Cookies:		<none>
Multiparts:		<none>
Body:			<none>
HTTP/1.1 200 OK
Pragma: no-cache
Cache-Control: no-cache, no-store, must-revalidate
Content-Security-Policy: default-src 'none'; script-src 'self'; connect-src 'self'; child-src 'self'; img-src 'self' data:; font-src 'self' data:; style-src 'self'
Referrer-Policy: no-referrer
Access-Control-Allow-Methods: GET,POST,OPTIONS
Access-Control-Allow-Headers: ZAP-Header
X-Frame-Options: DENY
X-XSS-Protection: 1; mode=block
X-Content-Type-Options: nosniff
X-Clacks-Overhead: GNU Terry Pratchett
content-length: 14
Content-Type: application/json; charset=UTF-8

{
    "status": "4"
}
progresso : [4%] 
Request method:	GET
Request URI:	http://localhost:9292/JSON/ascan/view/status/?scanId=1
Proxy:			<none>
Request params:	<none>
Query params:	scanId=1
Form params:	<none>
Path params:	<none>
Headers:		Accept=*/*
Cookies:		<none>
Multiparts:		<none>
Body:			<none>
HTTP/1.1 200 OK
Pragma: no-cache
Cache-Control: no-cache, no-store, must-revalidate
Content-Security-Policy: default-src 'none'; script-src 'self'; connect-src 'self'; child-src 'self'; img-src 'self' data:; font-src 'self' data:; style-src 'self'
Referrer-Policy: no-referrer
Access-Control-Allow-Methods: GET,POST,OPTIONS
Access-Control-Allow-Headers: ZAP-Header
X-Frame-Options: DENY
X-XSS-Protection: 1; mode=block
X-Content-Type-Options: nosniff
X-Clacks-Overhead: GNU Terry Pratchett
content-length: 14
Content-Type: application/json; charset=UTF-8

{
    "status": "4"
}
progresso : [4%] 
Request method:	GET
Request URI:	http://localhost:9292/JSON/ascan/view/status/?scanId=1
Proxy:			<none>
Request params:	<none>
Query params:	scanId=1
Form params:	<none>
Path params:	<none>
Headers:		Accept=*/*
Cookies:		<none>
Multiparts:		<none>
Body:			<none>
HTTP/1.1 200 OK
Pragma: no-cache
Cache-Control: no-cache, no-store, must-revalidate
Content-Security-Policy: default-src 'none'; script-src 'self'; connect-src 'self'; child-src 'self'; img-src 'self' data:; font-src 'self' data:; style-src 'self'
Referrer-Policy: no-referrer
Access-Control-Allow-Methods: GET,POST,OPTIONS
Access-Control-Allow-Headers: ZAP-Header
X-Frame-Options: DENY
X-XSS-Protection: 1; mode=block
X-Content-Type-Options: nosniff
X-Clacks-Overhead: GNU Terry Pratchett
content-length: 14
Content-Type: application/json; charset=UTF-8

{
    "status": "4"
}
progresso : [4%] 
Request method:	GET
Request URI:	http://localhost:9292/JSON/ascan/view/status/?scanId=1
Proxy:			<none>
Request params:	<none>
Query params:	scanId=1
Form params:	<none>
Path params:	<none>
Headers:		Accept=*/*
Cookies:		<none>
Multiparts:		<none>
Body:			<none>
HTTP/1.1 200 OK
Pragma: no-cache
Cache-Control: no-cache, no-store, must-revalidate
Content-Security-Policy: default-src 'none'; script-src 'self'; connect-src 'self'; child-src 'self'; img-src 'self' data:; font-src 'self' data:; style-src 'self'
Referrer-Policy: no-referrer
Access-Control-Allow-Methods: GET,POST,OPTIONS
Access-Control-Allow-Headers: ZAP-Header
X-Frame-Options: DENY
X-XSS-Protection: 1; mode=block
X-Content-Type-Options: nosniff
X-Clacks-Overhead: GNU Terry Pratchett
content-length: 14
Content-Type: application/json; charset=UTF-8

{
    "status": "4"
}
progresso : [4%] 
Request method:	GET
Request URI:	http://localhost:9292/JSON/ascan/view/status/?scanId=1
Proxy:			<none>
Request params:	<none>
Query params:	scanId=1
Form params:	<none>
Path params:	<none>
Headers:		Accept=*/*
Cookies:		<none>
Multiparts:		<none>
Body:			<none>
HTTP/1.1 200 OK
Pragma: no-cache
Cache-Control: no-cache, no-store, must-revalidate
Content-Security-Policy: default-src 'none'; script-src 'self'; connect-src 'self'; child-src 'self'; img-src 'self' data:; font-src 'self' data:; style-src 'self'
Referrer-Policy: no-referrer
Access-Control-Allow-Methods: GET,POST,OPTIONS
Access-Control-Allow-Headers: ZAP-Header
X-Frame-Options: DENY
X-XSS-Protection: 1; mode=block
X-Content-Type-Options: nosniff
X-Clacks-Overhead: GNU Terry Pratchett
content-length: 14
Content-Type: application/json; charset=UTF-8

{
    "status": "4"
}
progresso : [4%] 
Request method:	GET
Request URI:	http://localhost:9292/JSON/ascan/view/status/?scanId=1
Proxy:			<none>
Request params:	<none>
Query params:	scanId=1
Form params:	<none>
Path params:	<none>
Headers:		Accept=*/*
Cookies:		<none>
Multiparts:		<none>
Body:			<none>
HTTP/1.1 200 OK
Pragma: no-cache
Cache-Control: no-cache, no-store, must-revalidate
Content-Security-Policy: default-src 'none'; script-src 'self'; connect-src 'self'; child-src 'self'; img-src 'self' data:; font-src 'self' data:; style-src 'self'
Referrer-Policy: no-referrer
Access-Control-Allow-Methods: GET,POST,OPTIONS
Access-Control-Allow-Headers: ZAP-Header
X-Frame-Options: DENY
X-XSS-Protection: 1; mode=block
X-Content-Type-Options: nosniff
X-Clacks-Overhead: GNU Terry Pratchett
content-length: 14
Content-Type: application/json; charset=UTF-8

{
    "status": "4"
}
progresso : [4%] 
Request method:	GET
Request URI:	http://localhost:9292/JSON/ascan/view/status/?scanId=1
Proxy:			<none>
Request params:	<none>
Query params:	scanId=1
Form params:	<none>
Path params:	<none>
Headers:		Accept=*/*
Cookies:		<none>
Multiparts:		<none>
Body:			<none>
HTTP/1.1 200 OK
Pragma: no-cache
Cache-Control: no-cache, no-store, must-revalidate
Content-Security-Policy: default-src 'none'; script-src 'self'; connect-src 'self'; child-src 'self'; img-src 'self' data:; font-src 'self' data:; style-src 'self'
Referrer-Policy: no-referrer
Access-Control-Allow-Methods: GET,POST,OPTIONS
Access-Control-Allow-Headers: ZAP-Header
X-Frame-Options: DENY
X-XSS-Protection: 1; mode=block
X-Content-Type-Options: nosniff
X-Clacks-Overhead: GNU Terry Pratchett
content-length: 14
Content-Type: application/json; charset=UTF-8

{
    "status": "4"
}
progresso : [4%] 
Request method:	GET
Request URI:	http://localhost:9292/JSON/ascan/view/status/?scanId=1
Proxy:			<none>
Request params:	<none>
Query params:	scanId=1
Form params:	<none>
Path params:	<none>
Headers:		Accept=*/*
Cookies:		<none>
Multiparts:		<none>
Body:			<none>
HTTP/1.1 200 OK
Pragma: no-cache
Cache-Control: no-cache, no-store, must-revalidate
Content-Security-Policy: default-src 'none'; script-src 'self'; connect-src 'self'; child-src 'self'; img-src 'self' data:; font-src 'self' data:; style-src 'self'
Referrer-Policy: no-referrer
Access-Control-Allow-Methods: GET,POST,OPTIONS
Access-Control-Allow-Headers: ZAP-Header
X-Frame-Options: DENY
X-XSS-Protection: 1; mode=block
X-Content-Type-Options: nosniff
X-Clacks-Overhead: GNU Terry Pratchett
content-length: 14
Content-Type: application/json; charset=UTF-8

{
    "status": "6"
}
progresso : [6%] 
Request method:	GET
Request URI:	http://localhost:9292/JSON/ascan/view/status/?scanId=1
Proxy:			<none>
Request params:	<none>
Query params:	scanId=1
Form params:	<none>
Path params:	<none>
Headers:		Accept=*/*
Cookies:		<none>
Multiparts:		<none>
Body:			<none>
HTTP/1.1 200 OK
Pragma: no-cache
Cache-Control: no-cache, no-store, must-revalidate
Content-Security-Policy: default-src 'none'; script-src 'self'; connect-src 'self'; child-src 'self'; img-src 'self' data:; font-src 'self' data:; style-src 'self'
Referrer-Policy: no-referrer
Access-Control-Allow-Methods: GET,POST,OPTIONS
Access-Control-Allow-Headers: ZAP-Header
X-Frame-Options: DENY
X-XSS-Protection: 1; mode=block
X-Content-Type-Options: nosniff
X-Clacks-Overhead: GNU Terry Pratchett
content-length: 15
Content-Type: application/json; charset=UTF-8

{
    "status": "10"
}
progresso : [10%] 
 Ya se llego al 10% !!!!
Request method:	GET
Request URI:	http://localhost:9292/HTML/ascan/view/scanProgress/?scanId=1
Proxy:			<none>
Request params:	<none>
Query params:	scanId=1
Form params:	<none>
Path params:	<none>
Headers:		Accept=*/*
Cookies:		<none>
Multiparts:		<none>
Body:			<none>
HTTP/1.1 200 OK
Pragma: no-cache
Cache-Control: no-cache, no-store, must-revalidate
Content-Security-Policy: default-src 'none'; script-src 'self'; connect-src 'self'; child-src 'self'; img-src 'self' data:; font-src 'self' data:; style-src 'self'
Referrer-Policy: no-referrer
Access-Control-Allow-Methods: GET,POST,OPTIONS
Access-Control-Allow-Headers: ZAP-Header
X-Frame-Options: DENY
X-XSS-Protection: 1; mode=block
X-Content-Type-Options: nosniff
X-Clacks-Overhead: GNU Terry Pratchett
content-length: 33783
Content-Type: text/html; charset=UTF-8

<html>
  <head/>
  <body>
    <h2>scanProgress</h2>
    <table border="1">
      <tr>
        <td colspan="1" rowspan="1">
          <table border="1">
            <tr>
              <td colspan="1" rowspan="1">
id</td>
              <td colspan="1" rowspan="1">
http://tpi.lat:2095</td>
            </tr>
          </table>
        </td>
      </tr>
      <tr>
        <td colspan="1" rowspan="1">
          <h2>HostProcess</h2>
          <table border="1">
            <tr>
              <td colspan="1" rowspan="1">
                <h2>Plugin</h2>
                <table border="1">
                  <tr>
                    <td colspan="1" rowspan="1">
                      <table border="1">
                        <tr>
                          <td colspan="1" rowspan="1">
name</td>
                          <td colspan="1" rowspan="1">
Ruta Transversal</td>
                        </tr>
                      </table>
                    </td>
                  </tr>
                  <tr>
                    <td colspan="1" rowspan="1">
                      <table border="1">
                        <tr>
                          <td colspan="1" rowspan="1">
id</td>
                          <td colspan="1" rowspan="1">
6</td>
                        </tr>
                      </table>
                    </td>
                  </tr>
                  <tr>
                    <td colspan="1" rowspan="1">
                      <table border="1">
                        <tr>
                          <td colspan="1" rowspan="1">
quality</td>
                          <td colspan="1" rowspan="1">
release</td>
                        </tr>
                      </table>
                    </td>
                  </tr>
                  <tr>
                    <td colspan="1" rowspan="1">
                      <table border="1">
                        <tr>
                          <td colspan="1" rowspan="1">
status</td>
                          <td colspan="1" rowspan="1">
Complete</td>
                        </tr>
                      </table>
                    </td>
                  </tr>
                  <tr>
                    <td colspan="1" rowspan="1">
                      <table border="1">
                        <tr>
                          <td colspan="1" rowspan="1">
timeInMs</td>
                          <td colspan="1" rowspan="1">
111256</td>
                        </tr>
                      </table>
                    </td>
                  </tr>
                  <tr>
                    <td colspan="1" rowspan="1">
                      <table border="1">
                        <tr>
                          <td colspan="1" rowspan="1">
reqCount</td>
                          <td colspan="1" rowspan="1">
327</td>
                        </tr>
                      </table>
                    </td>
                  </tr>
                  <tr>
                    <td colspan="1" rowspan="1">
                      <table border="1">
                        <tr>
                          <td colspan="1" rowspan="1">
alertCount</td>
                          <td colspan="1" rowspan="1">
4</td>
                        </tr>
                      </table>
                    </td>
                  </tr>
                </table>
              </td>
            </tr>
            <tr>
              <td colspan="1" rowspan="1">
                <h2>Plugin</h2>
                <table border="1">
                  <tr>
                    <td colspan="1" rowspan="1">
                      <table border="1">
                        <tr>
                          <td colspan="1" rowspan="1">
name</td>
                          <td colspan="1" rowspan="1">
Inclusión Remota de Archivos</td>
                        </tr>
                      </table>
                    </td>
                  </tr>
                  <tr>
                    <td colspan="1" rowspan="1">
                      <table border="1">
                        <tr>
                          <td colspan="1" rowspan="1">
id</td>
                          <td colspan="1" rowspan="1">
7</td>
                        </tr>
                      </table>
                    </td>
                  </tr>
                  <tr>
                    <td colspan="1" rowspan="1">
                      <table border="1">
                        <tr>
                          <td colspan="1" rowspan="1">
quality</td>
                          <td colspan="1" rowspan="1">
release</td>
                        </tr>
                      </table>
                    </td>
                  </tr>
                  <tr>
                    <td colspan="1" rowspan="1">
                      <table border="1">
                        <tr>
                          <td colspan="1" rowspan="1">
status</td>
                          <td colspan="1" rowspan="1">
Complete</td>
                        </tr>
                      </table>
                    </td>
                  </tr>
                  <tr>
                    <td colspan="1" rowspan="1">
                      <table border="1">
                        <tr>
                          <td colspan="1" rowspan="1">
timeInMs</td>
                          <td colspan="1" rowspan="1">
71974</td>
                        </tr>
                      </table>
                    </td>
                  </tr>
                  <tr>
                    <td colspan="1" rowspan="1">
                      <table border="1">
                        <tr>
                          <td colspan="1" rowspan="1">
reqCount</td>
                          <td colspan="1" rowspan="1">
240</td>
                        </tr>
                      </table>
                    </td>
                  </tr>
                  <tr>
                    <td colspan="1" rowspan="1">
                      <table border="1">
                        <tr>
                          <td colspan="1" rowspan="1">
alertCount</td>
                          <td colspan="1" rowspan="1">
0</td>
                        </tr>
                      </table>
                    </td>
                  </tr>
                </table>
              </td>
            </tr>
            <tr>
              <td colspan="1" rowspan="1">
                <h2>Plugin</h2>
                <table border="1">
                  <tr>
                    <td colspan="1" rowspan="1">
                      <table border="1">
                        <tr>
                          <td colspan="1" rowspan="1">
name</td>
                          <td colspan="1" rowspan="1">
Divulgación del Código Fuente - / carpeta WEB-INF</td>
                        </tr>
                      </table>
                    </td>
                  </tr>
                  <tr>
                    <td colspan="1" rowspan="1">
                      <table border="1">
                        <tr>
                          <td colspan="1" rowspan="1">
id</td>
                          <td colspan="1" rowspan="1">
10045</td>
                        </tr>
                      </table>
                    </td>
                  </tr>
                  <tr>
                    <td colspan="1" rowspan="1">
                      <table border="1">
                        <tr>
                          <td colspan="1" rowspan="1">
quality</td>
                          <td colspan="1" rowspan="1">
release</td>
                        </tr>
                      </table>
                    </td>
                  </tr>
                  <tr>
                    <td colspan="1" rowspan="1">
                      <table border="1">
                        <tr>
                          <td colspan="1" rowspan="1">
status</td>
                          <td colspan="1" rowspan="1">
Complete</td>
                        </tr>
                      </table>
                    </td>
                  </tr>
                  <tr>
                    <td colspan="1" rowspan="1">
                      <table border="1">
                        <tr>
                          <td colspan="1" rowspan="1">
timeInMs</td>
                          <td colspan="1" rowspan="1">
556</td>
                        </tr>
                      </table>
                    </td>
                  </tr>
                  <tr>
                    <td colspan="1" rowspan="1">
                      <table border="1">
                        <tr>
                          <td colspan="1" rowspan="1">
reqCount</td>
                          <td colspan="1" rowspan="1">
2</td>
                        </tr>
                      </table>
                    </td>
                  </tr>
                  <tr>
                    <td colspan="1" rowspan="1">
                      <table border="1">
                        <tr>
                          <td colspan="1" rowspan="1">
alertCount</td>
                          <td colspan="1" rowspan="1">
0</td>
                        </tr>
                      </table>
                    </td>
                  </tr>
                </table>
              </td>
            </tr>
            <tr>
              <td colspan="1" rowspan="1">
                <h2>Plugin</h2>
                <table border="1">
                  <tr>
                    <td colspan="1" rowspan="1">
                      <table border="1">
                        <tr>
                          <td colspan="1" rowspan="1">
name</td>
                          <td colspan="1" rowspan="1">
Vulnerabilidades de OpenSSL HeartBleed</td>
                        </tr>
                      </table>
                    </td>
                  </tr>
                  <tr>
                    <td colspan="1" rowspan="1">
                      <table border="1">
                        <tr>
                          <td colspan="1" rowspan="1">
id</td>
                          <td colspan="1" rowspan="1">
20015</td>
                        </tr>
                      </table>
                    </td>
                  </tr>
                  <tr>
                    <td colspan="1" rowspan="1">
                      <table border="1">
                        <tr>
                          <td colspan="1" rowspan="1">
quality</td>
                          <td colspan="1" rowspan="1">
release</td>
                        </tr>
                      </table>
                    </td>
                  </tr>
                  <tr>
                    <td colspan="1" rowspan="1">
                      <table border="1">
                        <tr>
                          <td colspan="1" rowspan="1">
status</td>
                          <td colspan="1" rowspan="1">
Complete</td>
                        </tr>
                      </table>
                    </td>
                  </tr>
                  <tr>
                    <td colspan="1" rowspan="1">
                      <table border="1">
                        <tr>
                          <td colspan="1" rowspan="1">
timeInMs</td>
                          <td colspan="1" rowspan="1">
1111</td>
                        </tr>
                      </table>
                    </td>
                  </tr>
                  <tr>
                    <td colspan="1" rowspan="1">
                      <table border="1">
                        <tr>
                          <td colspan="1" rowspan="1">
reqCount</td>
                          <td colspan="1" rowspan="1">
3</td>
                        </tr>
                      </table>
                    </td>
                  </tr>
                  <tr>
                    <td colspan="1" rowspan="1">
                      <table border="1">
                        <tr>
                          <td colspan="1" rowspan="1">
alertCount</td>
                          <td colspan="1" rowspan="1">
0</td>
                        </tr>
                      </table>
                    </td>
                  </tr>
                </table>
              </td>
            </tr>
            <tr>
              <td colspan="1" rowspan="1">
                <h2>Plugin</h2>
                <table border="1">
                  <tr>
                    <td colspan="1" rowspan="1">
                      <table border="1">
                        <tr>
                          <td colspan="1" rowspan="1">
name</td>
                          <td colspan="1" rowspan="1">
Divulgación del Código Fuente - CVE-2012-1823</td>
                        </tr>
                      </table>
                    </td>
                  </tr>
                  <tr>
                    <td colspan="1" rowspan="1">
                      <table border="1">
                        <tr>
                          <td colspan="1" rowspan="1">
id</td>
                          <td colspan="1" rowspan="1">
20017</td>
                        </tr>
                      </table>
                    </td>
                  </tr>
                  <tr>
                    <td colspan="1" rowspan="1">
                      <table border="1">
                        <tr>
                          <td colspan="1" rowspan="1">
quality</td>
                          <td colspan="1" rowspan="1">
release</td>
                        </tr>
                      </table>
                    </td>
                  </tr>
                  <tr>
                    <td colspan="1" rowspan="1">
                      <table border="1">
                        <tr>
                          <td colspan="1" rowspan="1">
status</td>
                          <td colspan="1" rowspan="1">
83%</td>
                        </tr>
                      </table>
                    </td>
                  </tr>
                  <tr>
                    <td colspan="1" rowspan="1">
                      <table border="1">
                        <tr>
                          <td colspan="1" rowspan="1">
timeInMs</td>
                          <td colspan="1" rowspan="1">
5840</td>
                        </tr>
                      </table>
                    </td>
                  </tr>
                  <tr>
                    <td colspan="1" rowspan="1">
                      <table border="1">
                        <tr>
                          <td colspan="1" rowspan="1">
reqCount</td>
                          <td colspan="1" rowspan="1">
47</td>
                        </tr>
                      </table>
                    </td>
                  </tr>
                  <tr>
                    <td colspan="1" rowspan="1">
                      <table border="1">
                        <tr>
                          <td colspan="1" rowspan="1">
alertCount</td>
                          <td colspan="1" rowspan="1">
0</td>
                        </tr>
                      </table>
                    </td>
                  </tr>
                </table>
              </td>
            </tr>
            <tr>
              <td colspan="1" rowspan="1">
                <h2>Plugin</h2>
                <table border="1">
                  <tr>
                    <td colspan="1" rowspan="1">
                      <table border="1">
                        <tr>
                          <td colspan="1" rowspan="1">
name</td>
                          <td colspan="1" rowspan="1">
Ejecución Remota de Código - CVE-2012-1823</td>
                        </tr>
                      </table>
                    </td>
                  </tr>
                  <tr>
                    <td colspan="1" rowspan="1">
                      <table border="1">
                        <tr>
                          <td colspan="1" rowspan="1">
id</td>
                          <td colspan="1" rowspan="1">
20018</td>
                        </tr>
                      </table>
                    </td>
                  </tr>
                  <tr>
                    <td colspan="1" rowspan="1">
                      <table border="1">
                        <tr>
                          <td colspan="1" rowspan="1">
quality</td>
                          <td colspan="1" rowspan="1">
release</td>
                        </tr>
                      </table>
                    </td>
                  </tr>
                  <tr>
                    <td colspan="1" rowspan="1">
                      <table border="1">
                        <tr>
                          <td colspan="1" rowspan="1">
status</td>
                          <td colspan="1" rowspan="1">
Pending</td>
                        </tr>
                      </table>
                    </td>
                  </tr>
                  <tr>
                    <td colspan="1" rowspan="1">
                      <table border="1">
                        <tr>
                          <td colspan="1" rowspan="1">
timeInMs</td>
                          <td colspan="1" rowspan="1">
0</td>
                        </tr>
                      </table>
                    </td>
                  </tr>
                  <tr>
                    <td colspan="1" rowspan="1">
                      <table border="1">
                        <tr>
                          <td colspan="1" rowspan="1">
reqCount</td>
                          <td colspan="1" rowspan="1">
0</td>
                        </tr>
                      </table>
                    </td>
                  </tr>
                  <tr>
                    <td colspan="1" rowspan="1">
                      <table border="1">
                        <tr>
                          <td colspan="1" rowspan="1">
alertCount</td>
                          <td colspan="1" rowspan="1">
0</td>
                        </tr>
                      </table>
                    </td>
                  </tr>
                </table>
              </td>
            </tr>
            <tr>
              <td colspan="1" rowspan="1">
                <h2>Plugin</h2>
                <table border="1">
                  <tr>
                    <td colspan="1" rowspan="1">
                      <table border="1">
                        <tr>
                          <td colspan="1" rowspan="1">
name</td>
                          <td colspan="1" rowspan="1">
Redirección Externa</td>
                        </tr>
                      </table>
                    </td>
                  </tr>
                  <tr>
                    <td colspan="1" rowspan="1">
                      <table border="1">
                        <tr>
                          <td colspan="1" rowspan="1">
id</td>
                          <td colspan="1" rowspan="1">
20019</td>
                        </tr>
                      </table>
                    </td>
                  </tr>
                  <tr>
                    <td colspan="1" rowspan="1">
                      <table border="1">
                        <tr>
                          <td colspan="1" rowspan="1">
quality</td>
                          <td colspan="1" rowspan="1">
release</td>
                        </tr>
                      </table>
                    </td>
                  </tr>
                  <tr>
                    <td colspan="1" rowspan="1">
                      <table border="1">
                        <tr>
                          <td colspan="1" rowspan="1">
status</td>
                          <td colspan="1" rowspan="1">
Pending</td>
                        </tr>
                      </table>
                    </td>
                  </tr>
                  <tr>
                    <td colspan="1" rowspan="1">
                      <table border="1">
                        <tr>
                          <td colspan="1" rowspan="1">
timeInMs</td>
                          <td colspan="1" rowspan="1">
0</td>
                        </tr>
                      </table>
                    </td>
                  </tr>
                  <tr>
                    <td colspan="1" rowspan="1">
                      <table border="1">
                        <tr>
                          <td colspan="1" rowspan="1">
reqCount</td>
                          <td colspan="1" rowspan="1">
0</td>
                        </tr>
                      </table>
                    </td>
                  </tr>
                  <tr>
                    <td colspan="1" rowspan="1">
                      <table border="1">
                        <tr>
                          <td colspan="1" rowspan="1">
alertCount</td>
                          <td colspan="1" rowspan="1">
0</td>
                        </tr>
                      </table>
                    </td>
                  </tr>
                </table>
              </td>
            </tr>
            <tr>
              <td colspan="1" rowspan="1">
                <h2>Plugin</h2>
                <table border="1">
                  <tr>
                    <td colspan="1" rowspan="1">
                      <table border="1">
                        <tr>
                          <td colspan="1" rowspan="1">
name</td>
                          <td colspan="1" rowspan="1">
Server Side Include</td>
                        </tr>
                      </table>
                    </td>
                  </tr>
                  <tr>
                    <td colspan="1" rowspan="1">
                      <table border="1">
                        <tr>
                          <td colspan="1" rowspan="1">
id</td>
                          <td colspan="1" rowspan="1">
40009</td>
                        </tr>
                      </table>
                    </td>
                  </tr>
                  <tr>
                    <td colspan="1" rowspan="1">
                      <table border="1">
                        <tr>
                          <td colspan="1" rowspan="1">
quality</td>
                          <td colspan="1" rowspan="1">
release</td>
                        </tr>
                      </table>
                    </td>
                  </tr>
                  <tr>
                    <td colspan="1" rowspan="1">
                      <table border="1">
                        <tr>
                          <td colspan="1" rowspan="1">
status</td>
                          <td colspan="1" rowspan="1">
Pending</td>
                        </tr>
                      </table>
                    </td>
                  </tr>
                  <tr>
                    <td colspan="1" rowspan="1">
                      <table border="1">
                        <tr>
                          <td colspan="1" rowspan="1">
timeInMs</td>
                          <td colspan="1" rowspan="1">
0</td>
                        </tr>
                      </table>
                    </td>
                  </tr>
                  <tr>
                    <td colspan="1" rowspan="1">
                      <table border="1">
                        <tr>
                          <td colspan="1" rowspan="1">
reqCount</td>
                          <td colspan="1" rowspan="1">
0</td>
                        </tr>
                      </table>
                    </td>
                  </tr>
                  <tr>
                    <td colspan="1" rowspan="1">
                      <table border="1">
                        <tr>
                          <td colspan="1" rowspan="1">
alertCount</td>
                          <td colspan="1" rowspan="1">
0</td>
                        </tr>
                      </table>
                    </td>
                  </tr>
                </table>
              </td>
            </tr>
            <tr>
              <td colspan="1" rowspan="1">
                <h2>Plugin</h2>
                <table border="1">
                  <tr>
                    <td colspan="1" rowspan="1">
                      <table border="1">
                        <tr>
                          <td colspan="1" rowspan="1">
name</td>
                          <td colspan="1" rowspan="1">
Cross Site Scripting (Reflected)</td>
                        </tr>
                      </table>
                    </td>
                  </tr>
                  <tr>
                    <td colspan="1" rowspan="1">
                      <table border="1">
                        <tr>
                          <td colspan="1" rowspan="1">
id</td>
                          <td colspan="1" rowspan="1">
40012</td>
                        </tr>
                      </table>
                    </td>
                  </tr>
                  <tr>
                    <td colspan="1" rowspan="1">
                      <table border="1">
                        <tr>
                          <td colspan="1" rowspan="1">
quality</td>
                          <td colspan="1" rowspan="1">
release</td>
                        </tr>
                      </table>
                    </td>
                  </tr>
                  <tr>
                    <td colspan="1" rowspan="1">
                      <table border="1">
                        <tr>
                          <td colspan="1" rowspan="1">
status</td>
                          <td colspan="1" rowspan="1">
Pending</td>
                        </tr>
                      </table>
                    </td>
                  </tr>
                  <tr>
                    <td colspan="1" rowspan="1">
                      <table border="1">
                        <tr>
                          <td colspan="1" rowspan="1">
timeInMs</td>
                          <td colspan="1" rowspan="1">
0</td>
                        </tr>
                      </table>
                    </td>
                  </tr>
                  <tr>
                    <td colspan="1" rowspan="1">
                      <table border="1">
                        <tr>
                          <td colspan="1" rowspan="1">
reqCount</td>
                          <td colspan="1" rowspan="1">
0</td>
                        </tr>
                      </table>
                    </td>
                  </tr>
                  <tr>
                    <td colspan="1" rowspan="1">
                      <table border="1">
                        <tr>
                          <td colspan="1" rowspan="1">
alertCount</td>
                          <td colspan="1" rowspan="1">
0</td>
                        </tr>
                      </table>
                    </td>
                  </tr>
                </table>
              </td>
            </tr>
            <tr>
              <td colspan="1" rowspan="1">
                <h2>Plugin</h2>
                <table border="1">
                  <tr>
                    <td colspan="1" rowspan="1">
                      <table border="1">
                        <tr>
                          <td colspan="1" rowspan="1">
name</td>
                          <td colspan="1" rowspan="1">
Cross Site Scripting (Persistente) - Prime</td>
                        </tr>
                      </table>
                    </td>
                  </tr>
                  <tr>
                    <td colspan="1" rowspan="1">
                      <table border="1">
                        <tr>
                          <td colspan="1" rowspan="1">
id</td>
                          <td colspan="1" rowspan="1">
40016</td>
                        </tr>
                      </table>
                    </td>
                  </tr>
                  <tr>
                    <td colspan="1" rowspan="1">
                      <table border="1">
                        <tr>
                          <td colspan="1" rowspan="1">
quality</td>
                          <td colspan="1" rowspan="1">
release</td>
                        </tr>
                      </table>
                    </td>
                  </tr>
                  <tr>
                    <td colspan="1" rowspan="1">
                      <table border="1">
                        <tr>
                          <td colspan="1" rowspan="1">
status</td>
                          <td colspan="1" rowspan="1">
Pending</td>
                        </tr>
                      </table>
                    </td>
                  </tr>
                  <tr>
                    <td colspan="1" rowspan="1">
                      <table border="1">
                        <tr>
                          <td colspan="1" rowspan="1">
timeInMs</td>
                          <td colspan="1" rowspan="1">
0</td>
                        </tr>
                      </table>
                    </td>
                  </tr>
                  <tr>
                    <td colspan="1" rowspan="1">
                      <table border="1">
                        <tr>
                          <td colspan="1" rowspan="1">
reqCount</td>
                          <td colspan="1" rowspan="1">
0</td>
                        </tr>
                      </table>
                    </td>
                  </tr>
                  <tr>
                    <td colspan="1" rowspan="1">
                      <table border="1">
                        <tr>
                          <td colspan="1" rowspan="1">
alertCount</td>
                          <td colspan="1" rowspan="1">
0</td>
                        </tr>
                      </table>
                    </td>
                  </tr>
                </table>
              </td>
            </tr>
            <tr>
              <td colspan="1" rowspan="1">
                <h2>Plugin</h2>
                <table border="1">
                  <tr>
                    <td colspan="1" rowspan="1">
                      <table border="1">
                        <tr>
                          <td colspan="1" rowspan="1">
name</td>
                          <td colspan="1" rowspan="1">
Cross Site Scripting (Persistente) - Spider</td>
                        </tr>
                      </table>
                    </td>
                  </tr>
                  <tr>
                    <td colspan="1" rowspan="1">
                      <table border="1">
                        <tr>
                          <td colspan="1" rowspan="1">
id</td>
                          <td colspan="1" rowspan="1">
40017</td>
                        </tr>
                      </table>
                    </td>
                  </tr>
                  <tr>
                    <td colspan="1" rowspan="1">
                      <table border="1">
                        <tr>
                          <td colspan="1" rowspan="1">
quality</td>
                          <td colspan="1" rowspan="1">
release</td>
                        </tr>
                      </table>
                    </td>
                  </tr>
                  <tr>
                    <td colspan="1" rowspan="1">
                      <table border="1">
                        <tr>
                          <td colspan="1" rowspan="1">
status</td>
                          <td colspan="1" rowspan="1">
Pending</td>
                        </tr>
                      </table>
                    </td>
                  </tr>
                  <tr>
                    <td colspan="1" rowspan="1">
                      <table border="1">
                        <tr>
                          <td colspan="1" rowspan="1">
timeInMs</td>
                          <td colspan="1" rowspan="1">
0</td>
                        </tr>
                      </table>
                    </td>
                  </tr>
                  <tr>
                    <td colspan="1" rowspan="1">
                      <table border="1">
                        <tr>
                          <td colspan="1" rowspan="1">
reqCount</td>
                          <td colspan="1" rowspan="1">
0</td>
                        </tr>
                      </table>
                    </td>
                  </tr>
                  <tr>
                    <td colspan="1" rowspan="1">
                      <table border="1">
                        <tr>
                          <td colspan="1" rowspan="1">
alertCount</td>
                          <td colspan="1" rowspan="1">
0</td>
                        </tr>
                      </table>
                    </td>
                  </tr>
                </table>
              </td>
            </tr>
            <tr>
              <td colspan="1" rowspan="1">
                <h2>Plugin</h2>
                <table border="1">
                  <tr>
                    <td colspan="1" rowspan="1">
                      <table border="1">
                        <tr>
                          <td colspan="1" rowspan="1">
name</td>
                          <td colspan="1" rowspan="1">
Cross Site Scripting XSS (Persistente)</td>
                        </tr>
                      </table>
                    </td>
                  </tr>
                  <tr>
                    <td colspan="1" rowspan="1">
                      <table border="1">
                        <tr>
                          <td colspan="1" rowspan="1">
id</td>
                          <td colspan="1" rowspan="1">
40014</td>
                        </tr>
                      </table>
                    </td>
                  </tr>
                  <tr>
                    <td colspan="1" rowspan="1">
                      <table border="1">
                        <tr>
                          <td colspan="1" rowspan="1">
quality</td>
                          <td colspan="1" rowspan="1">
release</td>
                        </tr>
                      </table>
                    </td>
                  </tr>
                  <tr>
                    <td colspan="1" rowspan="1">
                      <table border="1">
                        <tr>
                          <td colspan="1" rowspan="1">
status</td>
                          <td colspan="1" rowspan="1">
Pending</td>
                        </tr>
                      </table>
                    </td>
                  </tr>
                  <tr>
                    <td colspan="1" rowspan="1">
                      <table border="1">
                        <tr>
                          <td colspan="1" rowspan="1">
timeInMs</td>
                          <td colspan="1" rowspan="1">
0</td>
                        </tr>
                      </table>
                    </td>
                  </tr>
                  <tr>
                    <td colspan="1" rowspan="1">
                      <table border="1">
                        <tr>
                          <td colspan="1" rowspan="1">
reqCount</td>
                          <td colspan="1" rowspan="1">
0</td>
                        </tr>
                      </table>
                    </td>
                  </tr>
                  <tr>
                    <td colspan="1" rowspan="1">
                      <table border="1">
                        <tr>
                          <td colspan="1" rowspan="1">
alertCount</td>
                          <td colspan="1" rowspan="1">
0</td>
                        </tr>
                      </table>
                    </td>
                  </tr>
                </table>
              </td>
            </tr>
            <tr>
              <td colspan="1" rowspan="1">
                <h2>Plugin</h2>
                <table border="1">
                  <tr>
                    <td colspan="1" rowspan="1">
                      <table border="1">
                        <tr>
                          <td colspan="1" rowspan="1">
name</td>
                          <td colspan="1" rowspan="1">
Inyección SQL</td>
                        </tr>
                      </table>
                    </td>
                  </tr>
                  <tr>
                    <td colspan="1" rowspan="1">
                      <table border="1">
                        <tr>
                          <td colspan="1" rowspan="1">
id</td>
                          <td colspan="1" rowspan="1">
40018</td>
                        </tr>
                      </table>
                    </td>
                  </tr>
                  <tr>
                    <td colspan="1" rowspan="1">
                      <table border="1">
                        <tr>
                          <td colspan="1" rowspan="1">
quality</td>
                          <td colspan="1" rowspan="1">
release</td>
                        </tr>
                      </table>
                    </td>
                  </tr>
                  <tr>
                    <td colspan="1" rowspan="1">
                      <table border="1">
                        <tr>
                          <td colspan="1" rowspan="1">
status</td>
                          <td colspan="1" rowspan="1">
Pending</td>
                        </tr>
                      </table>
                    </td>
                  </tr>
                  <tr>
                    <td colspan="1" rowspan="1">
                      <table border="1">
                        <tr>
                          <td colspan="1" rowspan="1">
timeInMs</td>
                          <td colspan="1" rowspan="1">
0</td>
                        </tr>
                      </table>
                    </td>
                  </tr>
                  <tr>
                    <td colspan="1" rowspan="1">
                      <table border="1">
                        <tr>
                          <td colspan="1" rowspan="1">
reqCount</td>
                          <td colspan="1" rowspan="1">
0</td>
                        </tr>
                      </table>
                    </td>
                  </tr>
                  <tr>
                    <td colspan="1" rowspan="1">
                      <table border="1">
                        <tr>
                          <td colspan="1" rowspan="1">
alertCount</td>
                          <td colspan="1" rowspan="1">
0</td>
                        </tr>
                      </table>
                    </td>
                  </tr>
                </table>
              </td>
            </tr>
            <tr>
              <td colspan="1" rowspan="1">
                <h2>Plugin</h2>
                <table border="1">
                  <tr>
                    <td colspan="1" rowspan="1">
                      <table border="1">
                        <tr>
                          <td colspan="1" rowspan="1">
name</td>
                          <td colspan="1" rowspan="1">
Inyección SQL - MySQL</td>
                        </tr>
                      </table>
                    </td>
                  </tr>
                  <tr>
                    <td colspan="1" rowspan="1">
                      <table border="1">
                        <tr>
                          <td colspan="1" rowspan="1">
id</td>
                          <td colspan="1" rowspan="1">
40019</td>
                        </tr>
                      </table>
                    </td>
                  </tr>
                  <tr>
                    <td colspan="1" rowspan="1">
                      <table border="1">
                        <tr>
                          <td colspan="1" rowspan="1">
quality</td>
                          <td colspan="1" rowspan="1">
release</td>
                        </tr>
                      </table>
                    </td>
                  </tr>
                  <tr>
                    <td colspan="1" rowspan="1">
                      <table border="1">
                        <tr>
                          <td colspan="1" rowspan="1">
status</td>
                          <td colspan="1" rowspan="1">
Pending</td>
                        </tr>
                      </table>
                    </td>
                  </tr>
                  <tr>
                    <td colspan="1" rowspan="1">
                      <table border="1">
                        <tr>
                          <td colspan="1" rowspan="1">
timeInMs</td>
                          <td colspan="1" rowspan="1">
0</td>
                        </tr>
                      </table>
                    </td>
                  </tr>
                  <tr>
                    <td colspan="1" rowspan="1">
                      <table border="1">
                        <tr>
                          <td colspan="1" rowspan="1">
reqCount</td>
                          <td colspan="1" rowspan="1">
0</td>
                        </tr>
                      </table>
                    </td>
                  </tr>
                  <tr>
                    <td colspan="1" rowspan="1">
                      <table border="1">
                        <tr>
                          <td colspan="1" rowspan="1">
alertCount</td>
                          <td colspan="1" rowspan="1">
0</td>
                        </tr>
                      </table>
                    </td>
                  </tr>
                </table>
              </td>
            </tr>
            <tr>
              <td colspan="1" rowspan="1">
                <h2>Plugin</h2>
                <table border="1">
                  <tr>
                    <td colspan="1" rowspan="1">
                      <table border="1">
                        <tr>
                          <td colspan="1" rowspan="1">
name</td>
                          <td colspan="1" rowspan="1">
Inyección SQL - SQL Hipersónico</td>
                        </tr>
                      </table>
                    </td>
                  </tr>
                  <tr>
                    <td colspan="1" rowspan="1">
                      <table border="1">
                        <tr>
                          <td colspan="1" rowspan="1">
id</td>
                          <td colspan="1" rowspan="1">
40020</td>
                        </tr>
                      </table>
                    </td>
                  </tr>
                  <tr>
                    <td colspan="1" rowspan="1">
                      <table border="1">
                        <tr>
                          <td colspan="1" rowspan="1">
quality</td>
[...]
        <th colspan="1" rowspan="1" class="risk-0">Respuesta de Gestión de Sesión Identificada</th>
      </tr>
      <tr>
        <td colspan="1" rowspan="1" width="20%">Descripción</td>
        <td colspan="1" rowspan="1" width="80%">
          <div>Se ha identificado que la respuesta dada contiene un token de gestión de sesión. El campo 'Other Info' contiene un conjunto de tokens de cabecera que pueden utilizarse en el método Header Based Session Management (gestión de sesión basado en cabecera). Si la petición se encuentra en un contexto que tiene un método Session Management establecido en "Auto-Detect", esta regla cambiará la gestión de sesión para utilizar los tokens identificados.</div>
        </td>
      </tr>
      <tr valign="top">
        <td colspan="2" rowspan="1"/>
      </tr>
      <tr>
        <td colspan="1" rowspan="1" class="indent1" width="20%">URL</td>
        <td colspan="1" rowspan="1" width="80%">
          <a shape="rect" href="http://tpi.lat:2095/subreseller/dashboard">http://tpi.lat:2095/subreseller/dashboard</a>
        </td>
      </tr>
      <tr>
        <td colspan="1" rowspan="1" class="indent2" width="20%">Método</td>
        <td colspan="1" rowspan="1" width="80%">GET</td>
      </tr>
      <tr>
        <td colspan="1" rowspan="1" class="indent2" width="20%">Parámetros</td>
        <td colspan="1" rowspan="1" width="80%">PHPSESSID</td>
      </tr>
      <tr>
        <td colspan="1" rowspan="1" class="indent2" width="20%">Ataque</td>
        <td colspan="1" rowspan="1" width="80%"/>
      </tr>
      <tr>
        <td colspan="1" rowspan="1" class="indent2" width="20%">Evidencia</td>
        <td colspan="1" rowspan="1" width="80%">liptv229tvgnf60rlpm84kpaad</td>
      </tr>
      <tr>
        <td colspan="1" rowspan="1" class="indent2" width="20%">Other Info</td>
        <td colspan="1" rowspan="1" width="80%">
cookie:PHPSESSID</td>
      </tr>
      <tr>
        <td colspan="1" rowspan="1" class="indent1" width="20%">URL</td>
        <td colspan="1" rowspan="1" width="80%">
          <a shape="rect" href="http://tpi.lat:2095/subreseller/dashboard">http://tpi.lat:2095/subreseller/dashboard</a>
        </td>
      </tr>
      <tr>
        <td colspan="1" rowspan="1" class="indent2" width="20%">Método</td>
        <td colspan="1" rowspan="1" width="80%">GET</td>
      </tr>
      <tr>
        <td colspan="1" rowspan="1" class="indent2" width="20%">Parámetros</td>
        <td colspan="1" rowspan="1" width="80%">PHPSESSID</td>
      </tr>
      <tr>
        <td colspan="1" rowspan="1" class="indent2" width="20%">Ataque</td>
        <td colspan="1" rowspan="1" width="80%"/>
      </tr>
      <tr>
        <td colspan="1" rowspan="1" class="indent2" width="20%">Evidencia</td>
        <td colspan="1" rowspan="1" width="80%">ur1s5nuvl7tfc5v0a0p2pp9un5</td>
      </tr>
      <tr>
        <td colspan="1" rowspan="1" class="indent2" width="20%">Other Info</td>
        <td colspan="1" rowspan="1" width="80%">
cookie:PHPSESSID</td>
      </tr>
      <tr>
        <td colspan="1" rowspan="1" class="indent1" width="20%">URL</td>
        <td colspan="1" rowspan="1" width="80%">
          <a shape="rect" href="http://tpi.lat:2095/subreseller/line?trial=1">http://tpi.lat:2095/subreseller/line?trial=1</a>
        </td>
      </tr>
      <tr>
        <td colspan="1" rowspan="1" class="indent2" width="20%">Método</td>
        <td colspan="1" rowspan="1" width="80%">GET</td>
      </tr>
      <tr>
        <td colspan="1" rowspan="1" class="indent2" width="20%">Parámetros</td>
        <td colspan="1" rowspan="1" width="80%">PHPSESSID</td>
      </tr>
      <tr>
        <td colspan="1" rowspan="1" class="indent2" width="20%">Ataque</td>
        <td colspan="1" rowspan="1" width="80%"/>
      </tr>
      <tr>
        <td colspan="1" rowspan="1" class="indent2" width="20%">Evidencia</td>
        <td colspan="1" rowspan="1" width="80%">liptv229tvgnf60rlpm84kpaad</td>
      </tr>
      <tr>
        <td colspan="1" rowspan="1" class="indent2" width="20%">Other Info</td>
        <td colspan="1" rowspan="1" width="80%">
cookie:PHPSESSID</td>
      </tr>
      <tr>
        <td colspan="1" rowspan="1" class="indent1" width="20%">URL</td>
        <td colspan="1" rowspan="1" width="80%">
          <a shape="rect" href="http://tpi.lat:2095/subreseller/line?trial=1">http://tpi.lat:2095/subreseller/line?trial=1</a>
        </td>
      </tr>
      <tr>
        <td colspan="1" rowspan="1" class="indent2" width="20%">Método</td>
        <td colspan="1" rowspan="1" width="80%">GET</td>
      </tr>
      <tr>
        <td colspan="1" rowspan="1" class="indent2" width="20%">Parámetros</td>
        <td colspan="1" rowspan="1" width="80%">PHPSESSID</td>
      </tr>
      <tr>
        <td colspan="1" rowspan="1" class="indent2" width="20%">Ataque</td>
        <td colspan="1" rowspan="1" width="80%"/>
      </tr>
      <tr>
        <td colspan="1" rowspan="1" class="indent2" width="20%">Evidencia</td>
        <td colspan="1" rowspan="1" width="80%">ur1s5nuvl7tfc5v0a0p2pp9un5</td>
      </tr>
      <tr>
        <td colspan="1" rowspan="1" class="indent2" width="20%">Other Info</td>
        <td colspan="1" rowspan="1" width="80%">
cookie:PHPSESSID</td>
      </tr>
      <tr>
        <td colspan="1" rowspan="1" class="indent1" width="20%">URL</td>
        <td colspan="1" rowspan="1" width="80%">
          <a shape="rect" href="http://tpi.lat:2095/subreseller/login">http://tpi.lat:2095/subreseller/login</a>
        </td>
      </tr>
      <tr>
        <td colspan="1" rowspan="1" class="indent2" width="20%">Método</td>
        <td colspan="1" rowspan="1" width="80%">GET</td>
      </tr>
      <tr>
        <td colspan="1" rowspan="1" class="indent2" width="20%">Parámetros</td>
        <td colspan="1" rowspan="1" width="80%">PHPSESSID</td>
      </tr>
      <tr>
        <td colspan="1" rowspan="1" class="indent2" width="20%">Ataque</td>
        <td colspan="1" rowspan="1" width="80%"/>
      </tr>
      <tr>
        <td colspan="1" rowspan="1" class="indent2" width="20%">Evidencia</td>
        <td colspan="1" rowspan="1" width="80%">liptv229tvgnf60rlpm84kpaad</td>
      </tr>
      <tr>
        <td colspan="1" rowspan="1" class="indent2" width="20%">Other Info</td>
        <td colspan="1" rowspan="1" width="80%">
cookie:PHPSESSID</td>
      </tr>
      <tr>
        <td colspan="1" rowspan="1" class="indent1" width="20%">URL</td>
        <td colspan="1" rowspan="1" width="80%">
          <a shape="rect" href="http://tpi.lat:2095/subreseller/login">http://tpi.lat:2095/subreseller/login</a>
        </td>
      </tr>
      <tr>
        <td colspan="1" rowspan="1" class="indent2" width="20%">Método</td>
        <td colspan="1" rowspan="1" width="80%">GET</td>
      </tr>
      <tr>
        <td colspan="1" rowspan="1" class="indent2" width="20%">Parámetros</td>
        <td colspan="1" rowspan="1" width="80%">PHPSESSID</td>
      </tr>
      <tr>
        <td colspan="1" rowspan="1" class="indent2" width="20%">Ataque</td>
        <td colspan="1" rowspan="1" width="80%"/>
      </tr>
      <tr>
        <td colspan="1" rowspan="1" class="indent2" width="20%">Evidencia</td>
        <td colspan="1" rowspan="1" width="80%">ur1s5nuvl7tfc5v0a0p2pp9un5</td>
      </tr>
      <tr>
        <td colspan="1" rowspan="1" class="indent2" width="20%">Other Info</td>
        <td colspan="1" rowspan="1" width="80%">
cookie:PHPSESSID</td>
      </tr>
      <tr>
        <td colspan="1" rowspan="1" class="indent1" width="20%">URL</td>
        <td colspan="1" rowspan="1" width="80%">
          <a shape="rect" href="http://tpi.lat:2095/subreseller/post.php?action=line">http://tpi.lat:2095/subreseller/post.php?action=line</a>
        </td>
      </tr>
      <tr>
        <td colspan="1" rowspan="1" class="indent2" width="20%">Método</td>
        <td colspan="1" rowspan="1" width="80%">POST</td>
      </tr>
      <tr>
        <td colspan="1" rowspan="1" class="indent2" width="20%">Parámetros</td>
        <td colspan="1" rowspan="1" width="80%">PHPSESSID</td>
      </tr>
      <tr>
        <td colspan="1" rowspan="1" class="indent2" width="20%">Ataque</td>
        <td colspan="1" rowspan="1" width="80%"/>
      </tr>
      <tr>
        <td colspan="1" rowspan="1" class="indent2" width="20%">Evidencia</td>
        <td colspan="1" rowspan="1" width="80%">liptv229tvgnf60rlpm84kpaad</td>
      </tr>
      <tr>
        <td colspan="1" rowspan="1" class="indent2" width="20%">Other Info</td>
        <td colspan="1" rowspan="1" width="80%">
cookie:PHPSESSID</td>
      </tr>
      <tr>
        <td colspan="1" rowspan="1" class="indent1" width="20%">URL</td>
        <td colspan="1" rowspan="1" width="80%">
          <a shape="rect" href="http://tpi.lat:2095/subreseller/post.php?action=line">http://tpi.lat:2095/subreseller/post.php?action=line</a>
        </td>
      </tr>
      <tr>
        <td colspan="1" rowspan="1" class="indent2" width="20%">Método</td>
        <td colspan="1" rowspan="1" width="80%">POST</td>
      </tr>
      <tr>
        <td colspan="1" rowspan="1" class="indent2" width="20%">Parámetros</td>
        <td colspan="1" rowspan="1" width="80%">PHPSESSID</td>
      </tr>
      <tr>
        <td colspan="1" rowspan="1" class="indent2" width="20%">Ataque</td>
        <td colspan="1" rowspan="1" width="80%"/>
      </tr>
      <tr>
        <td colspan="1" rowspan="1" class="indent2" width="20%">Evidencia</td>
        <td colspan="1" rowspan="1" width="80%">ur1s5nuvl7tfc5v0a0p2pp9un5</td>
      </tr>
      <tr>
        <td colspan="1" rowspan="1" class="indent2" width="20%">Other Info</td>
        <td colspan="1" rowspan="1" width="80%">
cookie:PHPSESSID</td>
      </tr>
      <tr>
        <td colspan="1" rowspan="1" class="indent1" width="20%">URL</td>
        <td colspan="1" rowspan="1" width="80%">
          <a shape="rect" href="http://tpi.lat:2095/subreseller/dashboard">http://tpi.lat:2095/subreseller/dashboard</a>
        </td>
      </tr>
      <tr>
        <td colspan="1" rowspan="1" class="indent2" width="20%">Método</td>
        <td colspan="1" rowspan="1" width="80%">GET</td>
      </tr>
      <tr>
        <td colspan="1" rowspan="1" class="indent2" width="20%">Parámetros</td>
        <td colspan="1" rowspan="1" width="80%">PHPSESSID</td>
      </tr>
      <tr>
        <td colspan="1" rowspan="1" class="indent2" width="20%">Ataque</td>
        <td colspan="1" rowspan="1" width="80%"/>
      </tr>
      <tr>
        <td colspan="1" rowspan="1" class="indent2" width="20%">Evidencia</td>
        <td colspan="1" rowspan="1" width="80%">liptv229tvgnf60rlpm84kpaad</td>
      </tr>
      <tr>
        <td colspan="1" rowspan="1" class="indent2" width="20%">Other Info</td>
        <td colspan="1" rowspan="1" width="80%">
cookie:PHPSESSID</td>
      </tr>
      <tr>
        <td colspan="1" rowspan="1" class="indent1" width="20%">URL</td>
        <td colspan="1" rowspan="1" width="80%">
          <a shape="rect" href="http://tpi.lat:2095/subreseller/dashboard">http://tpi.lat:2095/subreseller/dashboard</a>
        </td>
      </tr>
      <tr>
        <td colspan="1" rowspan="1" class="indent2" width="20%">Método</td>
        <td colspan="1" rowspan="1" width="80%">GET</td>
      </tr>
      <tr>
        <td colspan="1" rowspan="1" class="indent2" width="20%">Parámetros</td>
        <td colspan="1" rowspan="1" width="80%">PHPSESSID</td>
      </tr>
      <tr>
        <td colspan="1" rowspan="1" class="indent2" width="20%">Ataque</td>
        <td colspan="1" rowspan="1" width="80%"/>
      </tr>
      <tr>
        <td colspan="1" rowspan="1" class="indent2" width="20%">Evidencia</td>
        <td colspan="1" rowspan="1" width="80%">ur1s5nuvl7tfc5v0a0p2pp9un5</td>
      </tr>
      <tr>
        <td colspan="1" rowspan="1" class="indent2" width="20%">Other Info</td>
        <td colspan="1" rowspan="1" width="80%">
cookie:PHPSESSID</td>
      </tr>
      <tr>
        <td colspan="1" rowspan="1" class="indent1" width="20%">URL</td>
        <td colspan="1" rowspan="1" width="80%">
          <a shape="rect" href="http://tpi.lat:2095/subreseller/line?trial=1">http://tpi.lat:2095/subreseller/line?trial=1</a>
        </td>
      </tr>
      <tr>
        <td colspan="1" rowspan="1" class="indent2" width="20%">Método</td>
        <td colspan="1" rowspan="1" width="80%">GET</td>
      </tr>
      <tr>
        <td colspan="1" rowspan="1" class="indent2" width="20%">Parámetros</td>
        <td colspan="1" rowspan="1" width="80%">PHPSESSID</td>
      </tr>
      <tr>
        <td colspan="1" rowspan="1" class="indent2" width="20%">Ataque</td>
        <td colspan="1" rowspan="1" width="80%"/>
      </tr>
      <tr>
        <td colspan="1" rowspan="1" class="indent2" width="20%">Evidencia</td>
        <td colspan="1" rowspan="1" width="80%">liptv229tvgnf60rlpm84kpaad</td>
      </tr>
      <tr>
        <td colspan="1" rowspan="1" class="indent2" width="20%">Other Info</td>
        <td colspan="1" rowspan="1" width="80%">
cookie:PHPSESSID</td>
      </tr>
      <tr>
        <td colspan="1" rowspan="1" class="indent1" width="20%">URL</td>
        <td colspan="1" rowspan="1" width="80%">
          <a shape="rect" href="http://tpi.lat:2095/subreseller/line?trial=1">http://tpi.lat:2095/subreseller/line?trial=1</a>
        </td>
      </tr>
      <tr>
        <td colspan="1" rowspan="1" class="indent2" width="20%">Método</td>
        <td colspan="1" rowspan="1" width="80%">GET</td>
      </tr>
      <tr>
        <td colspan="1" rowspan="1" class="indent2" width="20%">Parámetros</td>
        <td colspan="1" rowspan="1" width="80%">PHPSESSID</td>
      </tr>
      <tr>
        <td colspan="1" rowspan="1" class="indent2" width="20%">Ataque</td>
        <td colspan="1" rowspan="1" width="80%"/>
      </tr>
      <tr>
        <td colspan="1" rowspan="1" class="indent2" width="20%">Evidencia</td>
        <td colspan="1" rowspan="1" width="80%">ur1s5nuvl7tfc5v0a0p2pp9un5</td>
      </tr>
      <tr>
        <td colspan="1" rowspan="1" class="indent2" width="20%">Other Info</td>
        <td colspan="1" rowspan="1" width="80%">
cookie:PHPSESSID</td>
      </tr>
      <tr>
        <td colspan="1" rowspan="1" class="indent1" width="20%">URL</td>
        <td colspan="1" rowspan="1" width="80%">
          <a shape="rect" href="http://tpi.lat:2095/subreseller/login">http://tpi.lat:2095/subreseller/login</a>
        </td>
      </tr>
      <tr>
        <td colspan="1" rowspan="1" class="indent2" width="20%">Método</td>
        <td colspan="1" rowspan="1" width="80%">GET</td>
      </tr>
      <tr>
        <td colspan="1" rowspan="1" class="indent2" width="20%">Parámetros</td>
        <td colspan="1" rowspan="1" width="80%">PHPSESSID</td>
      </tr>
      <tr>
        <td colspan="1" rowspan="1" class="indent2" width="20%">Ataque</td>
        <td colspan="1" rowspan="1" width="80%"/>
      </tr>
      <tr>
        <td colspan="1" rowspan="1" class="indent2" width="20%">Evidencia</td>
        <td colspan="1" rowspan="1" width="80%">liptv229tvgnf60rlpm84kpaad</td>
      </tr>
      <tr>
        <td colspan="1" rowspan="1" class="indent2" width="20%">Other Info</td>
        <td colspan="1" rowspan="1" width="80%">
cookie:PHPSESSID</td>
      </tr>
      <tr>
        <td colspan="1" rowspan="1" class="indent1" width="20%">URL</td>
        <td colspan="1" rowspan="1" width="80%">
          <a shape="rect" href="http://tpi.lat:2095/subreseller/login">http://tpi.lat:2095/subreseller/login</a>
        </td>
      </tr>
      <tr>
        <td colspan="1" rowspan="1" class="indent2" width="20%">Método</td>
        <td colspan="1" rowspan="1" width="80%">GET</td>
      </tr>
      <tr>
        <td colspan="1" rowspan="1" class="indent2" width="20%">Parámetros</td>
        <td colspan="1" rowspan="1" width="80%">PHPSESSID</td>
      </tr>
      <tr>
        <td colspan="1" rowspan="1" class="indent2" width="20%">Ataque</td>
        <td colspan="1" rowspan="1" width="80%"/>
      </tr>
      <tr>
        <td colspan="1" rowspan="1" class="indent2" width="20%">Evidencia</td>
        <td colspan="1" rowspan="1" width="80%">ur1s5nuvl7tfc5v0a0p2pp9un5</td>
      </tr>
      <tr>
        <td colspan="1" rowspan="1" class="indent2" width="20%">Other Info</td>
        <td colspan="1" rowspan="1" width="80%">
cookie:PHPSESSID</td>
      </tr>
      <tr>
        <td colspan="1" rowspan="1" class="indent1" width="20%">URL</td>
        <td colspan="1" rowspan="1" width="80%">
          <a shape="rect" href="http://tpi.lat:2095/subreseller/post.php?action=line">http://tpi.lat:2095/subreseller/post.php?action=line</a>
        </td>
      </tr>
      <tr>
        <td colspan="1" rowspan="1" class="indent2" width="20%">Método</td>
        <td colspan="1" rowspan="1" width="80%">POST</td>
      </tr>
      <tr>
        <td colspan="1" rowspan="1" class="indent2" width="20%">Parámetros</td>
        <td colspan="1" rowspan="1" width="80%">PHPSESSID</td>
      </tr>
      <tr>
        <td colspan="1" rowspan="1" class="indent2" width="20%">Ataque</td>
        <td colspan="1" rowspan="1" width="80%"/>
      </tr>
      <tr>
        <td colspan="1" rowspan="1" class="indent2" width="20%">Evidencia</td>
        <td colspan="1" rowspan="1" width="80%">liptv229tvgnf60rlpm84kpaad</td>
      </tr>
      <tr>
        <td colspan="1" rowspan="1" class="indent2" width="20%">Other Info</td>
        <td colspan="1" rowspan="1" width="80%">
cookie:PHPSESSID</td>
      </tr>
      <tr>
        <td colspan="1" rowspan="1" class="indent1" width="20%">URL</td>
        <td colspan="1" rowspan="1" width="80%">
          <a shape="rect" href="http://tpi.lat:2095/subreseller/post.php?action=line">http://tpi.lat:2095/subreseller/post.php?action=line</a>
        </td>
      </tr>
      <tr>
        <td colspan="1" rowspan="1" class="indent2" width="20%">Método</td>
        <td colspan="1" rowspan="1" width="80%">POST</td>
      </tr>
      <tr>
        <td colspan="1" rowspan="1" class="indent2" width="20%">Parámetros</td>
        <td colspan="1" rowspan="1" width="80%">PHPSESSID</td>
      </tr>
      <tr>
        <td colspan="1" rowspan="1" class="indent2" width="20%">Ataque</td>
        <td colspan="1" rowspan="1" width="80%"/>
      </tr>
      <tr>
        <td colspan="1" rowspan="1" class="indent2" width="20%">Evidencia</td>
        <td colspan="1" rowspan="1" width="80%">ur1s5nuvl7tfc5v0a0p2pp9un5</td>
      </tr>
      <tr>
        <td colspan="1" rowspan="1" class="indent2" width="20%">Other Info</td>
        <td colspan="1" rowspan="1" width="80%">
cookie:PHPSESSID</td>
      </tr>
      <tr>
        <td colspan="1" rowspan="1" width="20%">Instancia</td>
        <td colspan="1" rowspan="1" width="80%">16</td>
      </tr>
      <tr>
        <td colspan="1" rowspan="1" width="20%">Solución</td>
        <td colspan="1" rowspan="1" width="80%">
          <div>Se trata de una alerta informativa y no de una vulnerabilidad, por lo que no hay nada que corregir.</div>
        </td>
      </tr>
      <tr>
        <td colspan="1" rowspan="1" width="20%">Referencia</td>
        <td colspan="1" rowspan="1" width="80%">
          <a shape="rect" href="https://www.zaproxy.org/docs/desktop/addons/authentication-helper/session-mgmt-id">https://www.zaproxy.org/docs/desktop/addons/authentication-helper/session-mgmt-id</a>
        </td>
      </tr>
      <tr>
        <td colspan="1" rowspan="1" width="20%">CWE Id</td>
        <td colspan="1" rowspan="1" width="80%"/>
      </tr>
      <tr>
        <td colspan="1" rowspan="1" width="20%">WASC Id</td>
        <td colspan="1" rowspan="1" width="80%"/>
      </tr>
      <tr>
        <td colspan="1" rowspan="1" width="20%">Plugin Id</td>
        <td colspan="1" rowspan="1" width="80%">
          <a shape="rect" href="https://www.zaproxy.org/docs/alerts/10112/">10112</a>
        </td>
      </tr>
    </table>
    <div class="spacer"/>
  </body>
</html>
]]></system-out>
  <system-err><![CDATA[]]></system-err>
</testsuite>
